<?xml version="1.0" encoding="UTF-8"?>
<testsuite xmlns:xsi="http://www.w3.org/2001/XMLSchema-instance" xsi:noNamespaceSchemaLocation="https://maven.apache.org/surefire/maven-surefire-plugin/xsd/surefire-test-report-3.0.xsd" version="3.0" name="GenerateCoolNumbersTest" time="0.093" tests="2" errors="0" skipped="0" failures="2">
  <properties>
[...]
</properties>
  <testcase name="coolNumbersFormatTest" classname="GenerateCoolNumbersTest" time="0.037">
    <failure type="org.opentest4j.AssertionFailedError"><![CDATA[org.opentest4j.AssertionFailedError: Список пуст! ==> expected: <true> but was: <false>
	at GenerateCoolNumbersTest.coolNumbersFormatTest(GenerateCoolNumbersTest.java:36)
]]></failure>
  </testcase>
  <testcase name="coolNumbersSizeTest" classname="GenerateCoolNumbersTest" time="0.008">
    <failure type="org.opentest4j.AssertionFailedError"><![CDATA[org.opentest4j.AssertionFailedError: Номеров должно быть больше 2 млн штук ==> expected: <true> but was: <false>
	at GenerateCoolNumbersTest.coolNumbersSizeTest(GenerateCoolNumbersTest.java:29)
]]></failure>
    <system-out><![CDATA[Размер списка:0
]]></system-out>
  </testcase>
</testsuite>